[debug] [2024-11-19T00:27:42.814Z] ----------------------------------------------------------------------
[debug] [2024-11-19T00:27:42.815Z] Command:       C:\Program Files\nodejs\node.exe C:\Users\fuadb\AppData\Roaming\npm\node_modules\firebase-tools\lib\bin\firebase.js init
[debug] [2024-11-19T00:27:42.816Z] CLI Version:   13.25.0
[debug] [2024-11-19T00:27:42.816Z] Platform:      win32
[debug] [2024-11-19T00:27:42.816Z] Node Version:  v22.11.0
[debug] [2024-11-19T00:27:42.816Z] Time:          Mon Nov 18 2024 18:27:42 GMT-0600 (Central Standard Time)
[debug] [2024-11-19T00:27:42.816Z] ----------------------------------------------------------------------
[debug] 
[debug] [2024-11-19T00:27:42.820Z] > command requires scopes: ["email","openid","https://www.googleapis.com/auth/cloudplatformprojects.readonly","https://www.googleapis.com/auth/firebase","https://www.googleapis.com/auth/cloud-platform"]
[debug] [2024-11-19T00:27:42.821Z] > authorizing via signed-in user (hugecat912@gmail.com)
[info] 
     ######## #### ########  ######## ########     ###     ######  ########
     ##        ##  ##     ## ##       ##     ##  ##   ##  ##       ##
     ######    ##  ########  ######   ########  #########  ######  ######
     ##        ##  ##    ##  ##       ##     ## ##     ##       ## ##
     ##       #### ##     ## ######## ########  ##     ##  ######  ########

You're about to initialize a Firebase project in this directory:

  D:\Software Engineering - COMP-5100-80\FinWise\fin-wise

[info] 
=== Project Setup
[info] 
[info] First, let's associate this project directory with a Firebase project.
[info] You can create multiple project aliases by running firebase use --add, 
[info] but for now we'll just set up a default project.
[info] 
[debug] [2024-11-19T00:28:07.986Z] Checked if tokens are valid: true, expires at: 1731979612407
[debug] [2024-11-19T00:28:07.986Z] Checked if tokens are valid: true, expires at: 1731979612407
[debug] [2024-11-19T00:28:07.988Z] >>> [apiv2][query] GET https://firebase.googleapis.com/v1beta1/projects pageSize=100
[debug] [2024-11-19T00:28:08.364Z] <<< [apiv2][status] GET https://firebase.googleapis.com/v1beta1/projects 200
[debug] [2024-11-19T00:28:08.364Z] <<< [apiv2][body] GET https://firebase.googleapis.com/v1beta1/projects [omitted]
[info] i  Using project fin-wise-52bef (fin-wise) 
[info] 
=== Firestore Setup
[debug] [2024-11-19T00:28:11.938Z] Checked if tokens are valid: true, expires at: 1731979612407
[debug] [2024-11-19T00:28:11.938Z] Checked if tokens are valid: true, expires at: 1731979612407
[debug] [2024-11-19T00:28:11.939Z] >>> [apiv2][query] GET https://serviceusage.googleapis.com/v1/projects/fin-wise-52bef/services/firestore.googleapis.com [none]
[debug] [2024-11-19T00:28:11.939Z] >>> [apiv2][(partial)header] GET https://serviceusage.googleapis.com/v1/projects/fin-wise-52bef/services/firestore.googleapis.com x-goog-quota-user=projects/fin-wise-52bef
[debug] [2024-11-19T00:28:12.368Z] <<< [apiv2][status] GET https://serviceusage.googleapis.com/v1/projects/fin-wise-52bef/services/firestore.googleapis.com 200
[debug] [2024-11-19T00:28:12.368Z] <<< [apiv2][body] GET https://serviceusage.googleapis.com/v1/projects/fin-wise-52bef/services/firestore.googleapis.com [omitted]
[debug] [2024-11-19T00:28:12.368Z] Checked if tokens are valid: true, expires at: 1731979612407
[debug] [2024-11-19T00:28:12.368Z] Checked if tokens are valid: true, expires at: 1731979612407
[debug] [2024-11-19T00:28:12.368Z] >>> [apiv2][query] GET https://firestore.googleapis.com/v1/projects/fin-wise-52bef/databases/(default) [none]
[debug] [2024-11-19T00:28:12.641Z] <<< [apiv2][status] GET https://firestore.googleapis.com/v1/projects/fin-wise-52bef/databases/(default) 404
[debug] [2024-11-19T00:28:12.642Z] <<< [apiv2][body] GET https://firestore.googleapis.com/v1/projects/fin-wise-52bef/databases/(default) {"error":{"code":404,"message":"Project 'fin-wise-52bef' or database '(default)' does not exist.","status":"NOT_FOUND"}}
[debug] [2024-11-19T00:28:12.642Z] error getting database type:  Request to https://firestore.googleapis.com/v1/projects/fin-wise-52bef/databases/(default) had HTTP Error: 404, Project 'fin-wise-52bef' or database '(default)' does not exist. {"name":"FirebaseError","children":[],"context":{"body":{"error":{"code":404,"message":"Project 'fin-wise-52bef' or database '(default)' does not exist.","status":"NOT_FOUND"}},"response":{"statusCode":404}},"exit":1,"message":"Request to https://firestore.googleapis.com/v1/projects/fin-wise-52bef/databases/(default) had HTTP Error: 404, Project 'fin-wise-52bef' or database '(default)' does not exist.","status":404}
[info] (default) does not exist in project fin-wise-52bef.
[debug] [2024-11-19T00:28:12.642Z] database_type: DATABASE_DOES_NOT_EXIST
[debug] [2024-11-19T00:28:38.255Z] ----------------------------------------------------------------------
[debug] [2024-11-19T00:28:38.257Z] Command:       C:\Program Files\nodejs\node.exe C:\Users\fuadb\AppData\Roaming\npm\node_modules\firebase-tools\lib\bin\firebase.js init
[debug] [2024-11-19T00:28:38.257Z] CLI Version:   13.25.0
[debug] [2024-11-19T00:28:38.257Z] Platform:      win32
[debug] [2024-11-19T00:28:38.257Z] Node Version:  v22.11.0
[debug] [2024-11-19T00:28:38.257Z] Time:          Mon Nov 18 2024 18:28:38 GMT-0600 (Central Standard Time)
[debug] [2024-11-19T00:28:38.258Z] ----------------------------------------------------------------------
[debug] 
[debug] [2024-11-19T00:28:38.262Z] > command requires scopes: ["email","openid","https://www.googleapis.com/auth/cloudplatformprojects.readonly","https://www.googleapis.com/auth/firebase","https://www.googleapis.com/auth/cloud-platform"]
[debug] [2024-11-19T00:28:38.262Z] > authorizing via signed-in user (hugecat912@gmail.com)
[info] 
     ######## #### ########  ######## ########     ###     ######  ########
     ##        ##  ##     ## ##       ##     ##  ##   ##  ##       ##
     ######    ##  ########  ######   ########  #########  ######  ######
     ##        ##  ##    ##  ##       ##     ## ##     ##       ## ##
     ##       #### ##     ## ######## ########  ##     ##  ######  ########

You're about to initialize a Firebase project in this directory:

  D:\Software Engineering - COMP-5100-80\FinWise\fin-wise

[info] 
=== Project Setup
[info] 
[info] First, let's associate this project directory with a Firebase project.
[info] You can create multiple project aliases by running firebase use --add, 
[info] but for now we'll just set up a default project.
[info] 
[info] 
=== Firestore Setup
[info] 
[info] Firestore Security Rules allow you to define how and when to allow
[info] requests. You can keep these rules in your project directory
[info] and publish them with firebase deploy.
[info] 
[info] 
[info] Firestore indexes allow you to perform complex queries while
[info] maintaining performance that scales with the size of the result
[info] set. You can keep index definitions in your project directory
[info] and publish them with firebase deploy.
[info] 
